<?xml version="1.0" encoding="UTF-8"?>
<testsuite xmlns:xsi="http://www.w3.org/2001/XMLSchema-instance" xsi:noNamespaceSchemaLocation="https://maven.apache.org/surefire/maven-surefire-plugin/xsd/surefire-test-report-3.0.xsd" version="3.0" name="TestSuite" time="19.244" tests="4" errors="0" skipped="0" failures="0">
  <properties>
[...]
</properties>
  <testcase name="order[{password=Denhaag@1988, product=ZARA COAT 3, email=sonam.bishnoi.jpr@gmail.com}](1)" classname="tests.Loginsampl" time="3.092">
    <system-out><![CDATA[[TestNGContentHandler] [WARN] It is strongly recommended to add "<!DOCTYPE suite SYSTEM "http://testng.org/testng-1.0.dtd" >" at the top of your file, otherwise TestNG may fail or not work as expected.
/Users/sonambishnoi/eclipse-workspace/TestAutomation//src//test//java//data//PurchaseOrder.json/Users/sonambishnoi/eclipse-workspace/TestAutomation//src//test//java//data//PurchaseOrder.jsonsonam.bishnoi.jpr@gmail.com]]></system-out>
    <system-err><![CDATA[SLF4J: Failed to load class "org.slf4j.impl.StaticLoggerBinder".
SLF4J: Defaulting to no-operation (NOP) logger implementation
SLF4J: See http://www.slf4j.org/codes.html#StaticLoggerBinder for further details.
SSttaarrttiinngg  CChhrroommeeDDrriivveerr  11009.90..504.1454.1744 .(7e47 c(5e770c3576003460d4adaaa99cccc12182c8ccfc5fa55ad53de39e9939535113377558981931-3r-erfesf/sb/rabnrcha-nhceh-ahdesa/d5s4/1544@1{4#@1{1#7121})7 2on} )p oornt p o4r3t9 31777
O9n9
lyOn lolcayl  clooncnaelcti oconnsn ecarteio nasl alroew ead.l
lPolweaesde .
Psleeasee  hstetep sh:tt/p/sc:h/r/ocmherdormievderri.vcehrr.omcihurm.oomrigum/.osrecguri/tsye-ccuonrsiitdye-ractoionnss iford sueggreasttiionos nosn  fkoere psiugngegs ChrtoimonesD roin keeping Cvhroer smeaDrfieve.r
 saCfeh.r
omCherDormievDerri vwears wa s ssttaarrtteedd  suscuccecsessfsuflulllyy..

Jan 18, 2023 3:47:56 PM org.openqa.selenium.remote.ProtocolHandshake createSession
INFO: Detected dialect: W3C
Jan 18, 2023 3:47:56 PM org.openqa.selenium.remote.ProtocolHandshake createSession
INFO: Detected dialect: W3C
]]></system-err>
  </testcase>
  <testcase name="order[{password=Denhaag@1988, product=ADIDAS ORIGINAL, email=sonam.bishnoi.nl@gmail.com}](2)" classname="tests.Loginsampl" time="3.397">
    <system-out><![CDATA[sonam.bishnoi.nl@gmail.com]]></system-out>
    <system-err><![CDATA[Starting ChromeDriver 109.0.5414.74 (e7c5703604daa9cc128ccf5a5d3e993513758913-refs/branch-heads/5414@{#1172}) on port 23922
Only local connections are allowed.
Please see https://chromedriver.chromium.org/security-considerations for suggestions on keeping ChromeDriver safe.
ChromeDriver was started successfully.
Starting ChromeDriver 109.0.5414.74 (e7c5703604daa9cc128ccf5a5d3e993513758913-refs/branch-heads/5414@{#1172}) on port 5631
Only local connections are allowed.
Please see https://chromedriver.chromium.org/security-considerations for suggestions on keeping ChromeDriver safe.
ChromeDriver was started successfully.
Jan 18, 2023 3:48:04 PM org.openqa.selenium.remote.ProtocolHandshake createSession
INFO: Detected dialect: W3C
Jan 18, 2023 3:48:04 PM org.openqa.selenium.remote.ProtocolHandshake createSession
INFO: Detected dialect: W3C
]]></system-err>
  </testcase>
  <testcase name="order[{password=Denhaag@1988, product=ZARA COAT 3, email=sonam.bishnoi.jpr@gmail.com}](1)" classname="tests.PlaceOrder" time="3.408"/>
  <testcase name="order[{password=Denhaag@1988, product=ADIDAS ORIGINAL, email=sonam.bishnoi.nl@gmail.com}](2)" classname="tests.PlaceOrder" time="3.824"/>
</testsuite>